   1              		.cpu cortex-m4
   2              		.eabi_attribute 20, 1
   3              		.eabi_attribute 21, 1
   4              		.eabi_attribute 23, 3
   5              		.eabi_attribute 24, 1
   6              		.eabi_attribute 25, 1
   7              		.eabi_attribute 26, 1
   8              		.eabi_attribute 30, 6
   9              		.eabi_attribute 34, 1
  10              		.eabi_attribute 18, 4
  11              		.file	"gd32f30x_enet.c"
  12              		.text
  13              	.Ltext0:
  14              		.cfi_sections	.debug_frame
  15              	.Letext0:
  16              		.file 1 "c:\\gd32embeddedbuilder_1.5.3.31964\\gd32embeddedbuilder_1.5.3.31964\\tools\\gnu tools ar
  17              		.file 2 "c:\\gd32embeddedbuilder_1.5.3.31964\\gd32embeddedbuilder_1.5.3.31964\\tools\\gnu tools ar
  18              		.file 3 "../Firmware/CMSIS/core_cm4.h"
  19              		.file 4 "../Firmware/CMSIS/GD/GD32F30x/Include/system_gd32f30x.h"
  20              		.file 5 "c:\\gd32embeddedbuilder_1.5.3.31964\\gd32embeddedbuilder_1.5.3.31964\\tools\\gnu tools ar
  21              		.file 6 "c:\\gd32embeddedbuilder_1.5.3.31964\\gd32embeddedbuilder_1.5.3.31964\\tools\\gnu tools ar
  22              		.file 7 "c:\\gd32embeddedbuilder_1.5.3.31964\\gd32embeddedbuilder_1.5.3.31964\\tools\\gnu tools ar
  23              		.file 8 "c:\\gd32embeddedbuilder_1.5.3.31964\\gd32embeddedbuilder_1.5.3.31964\\tools\\gnu tools ar
  24              		.file 9 "c:\\gd32embeddedbuilder_1.5.3.31964\\gd32embeddedbuilder_1.5.3.31964\\tools\\gnu tools ar
DEFINED SYMBOLS
                            *ABS*:00000000 gd32f30x_enet.c
                           .group:00000000 wm4.0.0b2cbd0a579afdcbc37120f4ceb86892
                           .group:00000000 wm4.gd32f30x.h.39.a203e36f89dbb1753b66e1e665732b11
                           .group:00000000 wm4.core_cm4.h.47.434d5634a5df7142236685d6945e71d7
                           .group:00000000 wm4._newlib_version.h.4.9ba035841e762c3308916a0ce96032e7
                           .group:00000000 wm4.features.h.33.318b64d71e0957639cfb30f1db1f7ec8
                           .group:00000000 wm4._default_types.h.15.247e5cd201eca3442cbf5404108c4935
                           .group:00000000 wm4._intsup.h.10.cce27fed8484c08a33f522034c30d2b5
                           .group:00000000 wm4._stdint.h.10.c24fa3af3bc1706662bb5593a907e841
                           .group:00000000 wm4.stdint.h.23.d53047a68f4a85177f80b422d52785ed
                           .group:00000000 wm4.core_cmInstr.h.25.d8165482ef3061013a2fc83e2d85f3d9
                           .group:00000000 wm4.core_cm4_simd.h.43.bf657009d9c246d6ac6e7b120cdd899a
                           .group:00000000 wm4.core_cm4.h.196.6f0a9ac4bbc7fecc10f22e6a71f29e52
                           .group:00000000 wm4.system_gd32f30x.h.38.120525a84dcd3d76a4734e6bcde7b49c
                           .group:00000000 wm4.gd32f30x.h.294.5e6753de52124d3e3ab34f8aafd628cc
                           .group:00000000 wm4.gd32f30x_rcu.h.41.eb7011467c51e1274d4ea5dfbe3b7403
                           .group:00000000 wm4.gd32f30x_adc.h.36.124b47377c29d63ea85a6515ff99e7d0
                           .group:00000000 wm4.gd32f30x_can.h.36.85eb2b9bdffce148e9f2cf53e35a47f8
                           .group:00000000 wm4.gd32f30x_crc.h.36.3e50e7397bf79ecca0d280169ab2b7e1
                           .group:00000000 wm4.gd32f30x_ctc.h.36.42aeab0e42f8a7b6cc58608cdc08a712
                           .group:00000000 wm4.gd32f30x_dac.h.36.f867e713911fc6770d5f38223b88a122
                           .group:00000000 wm4.gd32f30x_dbg.h.36.4d3777753862ded915f1f9e71f4c290a
                           .group:00000000 wm4.gd32f30x_dma.h.36.00aa3536820feed4ebeab0c0060e7723
                           .group:00000000 wm4.gd32f30x_exti.h.36.64affc4e75ae7f53393e90b0bfc38f38
                           .group:00000000 wm4.gd32f30x_fmc.h.37.17b3f65aacec1755989aca30031b6a7c
                           .group:00000000 wm4.gd32f30x_fwdgt.h.36.1e7c1bfe259ede52150f5b1c58591a95
                           .group:00000000 wm4.gd32f30x_gpio.h.36.faffc48a681d1163918cf519d3cc7454
                           .group:00000000 wm4.gd32f30x_i2c.h.36.5765e4fd7e67145781f52c3602fdf526
                           .group:00000000 wm4.gd32f30x_pmu.h.37.9dd0def5d1159a6e20d49fadc0da3d91
                           .group:00000000 wm4.gd32f30x_bkp.h.36.74dcfa31c344ae6ddc6f3a850e1b1f1c
                           .group:00000000 wm4.gd32f30x_rtc.h.37.6e2dc4b1c1143d8443b19d8b8578e187
                           .group:00000000 wm4.gd32f30x_sdio.h.36.6dde0ac1ffebc8ac87750ca48ebf5355
                           .group:00000000 wm4.gd32f30x_spi.h.36.761dbcfdf151612384a2a7e1dfbd70a2
                           .group:00000000 wm4.gd32f30x_timer.h.36.aa3a076608594e31d0be360d6248cd0c
                           .group:00000000 wm4.gd32f30x_usart.h.36.c16033d6419d9317c5e1d5c9a4db894a
                           .group:00000000 wm4.gd32f30x_wwdgt.h.37.074fc90df4806e0bcba242ad61cb154f
                           .group:00000000 wm4.gd32f30x_misc.h.36.ca5ec56efc9d42fdcdbc33fa419c4320
                           .group:00000000 wm4.gd32f30x_exmc.h.36.6a5eb51a45aba96edb0f318836bccfc7
                           .group:00000000 wm4.gd32f30x_enet.h.40.3d09ce9184f4661a4b5c8b30c7a60207
                           .group:00000000 wm4.ieeefp.h.77.d5685ba212d3ed6e914898d045f873e3
                           .group:00000000 wm4.newlib.h.8.2aecb9f3b2dc9d2e83d06d10f0c6ed3e
                           .group:00000000 wm4.config.h.220.6cac6a9685cfce5e83c17784171638d9
                           .group:00000000 wm4._ansi.h.31.de524f58584151836e90d8620a16f8e8
                           .group:00000000 wm4.stdlib.h.13.4ed386f5c1a80d71e72172885d946ef2
                           .group:00000000 wm4.stddef.h.181.13772e73e5434e8cc4fafaaddad2b5da
                           .group:00000000 wm4.stddef.h.39.cf3ebec0bc8c9e3d2f276a64e0fe5e7a
                           .group:00000000 wm4.lock.h.2.1461d1fff82dffe8bfddc23307f6484f
                           .group:00000000 wm4._types.h.125.5cf8a495f1f7ef36777ad868a1e32068
                           .group:00000000 wm4.stddef.h.155.3588ebfdd1e8c7ede80509bb9c3b8009
                           .group:00000000 wm4._types.h.184.03611d4f6b5bec9997bcf4279eceba07
                           .group:00000000 wm4.reent.h.17.90c2574d4acdcfce933db5cb09ff35fe
                           .group:00000000 wm4.cdefs.h.49.6260d97adb8d27534cbdc0f868b8ea87
                           .group:00000000 wm4.alloca.h.8.dfc0c703c47ec3e69746825b17d9e66d
                           .group:00000000 wm4.stdlib.h.56.d4493cd3736e51e9d56335045f26df45

NO UNDEFINED SYMBOLS
