   1              		.cpu cortex-m4
   2              		.eabi_attribute 20, 1
   3              		.eabi_attribute 21, 1
   4              		.eabi_attribute 23, 3
   5              		.eabi_attribute 24, 1
   6              		.eabi_attribute 25, 1
   7              		.eabi_attribute 26, 1
   8              		.eabi_attribute 30, 6
   9              		.eabi_attribute 34, 1
  10              		.eabi_attribute 18, 4
  11              		.file	"gd32f30x_exti.c"
  12              		.text
  13              	.Ltext0:
  14              		.cfi_sections	.debug_frame
  15              		.section	.text.exti_deinit,"ax",%progbits
  16              		.align	1
  17              		.global	exti_deinit
  18              		.arch armv7e-m
  19              		.syntax unified
  20              		.thumb
  21              		.thumb_func
  22              		.fpu softvfp
  24              	exti_deinit:
  25              	.LFB116:
  26              		.file 1 "../Firmware/GD32F30x_standard_peripheral/Source/gd32f30x_exti.c"
   1:../Firmware/GD32F30x_standard_peripheral/Source/gd32f30x_exti.c **** /*!
   2:../Firmware/GD32F30x_standard_peripheral/Source/gd32f30x_exti.c ****     \file    gd32f30x_exti.c
   3:../Firmware/GD32F30x_standard_peripheral/Source/gd32f30x_exti.c ****     \brief   EXTI driver
   4:../Firmware/GD32F30x_standard_peripheral/Source/gd32f30x_exti.c **** 
   5:../Firmware/GD32F30x_standard_peripheral/Source/gd32f30x_exti.c ****    \version 2024-12-20, V3.0.1, firmware for GD32F30x
   6:../Firmware/GD32F30x_standard_peripheral/Source/gd32f30x_exti.c **** */
   7:../Firmware/GD32F30x_standard_peripheral/Source/gd32f30x_exti.c **** 
   8:../Firmware/GD32F30x_standard_peripheral/Source/gd32f30x_exti.c **** /*
   9:../Firmware/GD32F30x_standard_peripheral/Source/gd32f30x_exti.c ****     Copyright (c) 2024, GigaDevice Semiconductor Inc.
  10:../Firmware/GD32F30x_standard_peripheral/Source/gd32f30x_exti.c **** 
  11:../Firmware/GD32F30x_standard_peripheral/Source/gd32f30x_exti.c ****     Redistribution and use in source and binary forms, with or without modification, 
  12:../Firmware/GD32F30x_standard_peripheral/Source/gd32f30x_exti.c **** are permitted provided that the following conditions are met:
  13:../Firmware/GD32F30x_standard_peripheral/Source/gd32f30x_exti.c **** 
  14:../Firmware/GD32F30x_standard_peripheral/Source/gd32f30x_exti.c ****     1. Redistributions of source code must retain the above copyright notice, this 
  15:../Firmware/GD32F30x_standard_peripheral/Source/gd32f30x_exti.c ****        list of conditions and the following disclaimer.
  16:../Firmware/GD32F30x_standard_peripheral/Source/gd32f30x_exti.c ****     2. Redistributions in binary form must reproduce the above copyright notice, 
  17:../Firmware/GD32F30x_standard_peripheral/Source/gd32f30x_exti.c ****        this list of conditions and the following disclaimer in the documentation 
  18:../Firmware/GD32F30x_standard_peripheral/Source/gd32f30x_exti.c ****        and/or other materials provided with the distribution.
  19:../Firmware/GD32F30x_standard_peripheral/Source/gd32f30x_exti.c ****     3. Neither the name of the copyright holder nor the names of its contributors 
  20:../Firmware/GD32F30x_standard_peripheral/Source/gd32f30x_exti.c ****        may be used to endorse or promote products derived from this software without 
  21:../Firmware/GD32F30x_standard_peripheral/Source/gd32f30x_exti.c ****        specific prior written permission.
  22:../Firmware/GD32F30x_standard_peripheral/Source/gd32f30x_exti.c **** 
  23:../Firmware/GD32F30x_standard_peripheral/Source/gd32f30x_exti.c ****     THIS SOFTWARE IS PROVIDED BY THE COPYRIGHT HOLDERS AND CONTRIBUTORS "AS IS" 
  24:../Firmware/GD32F30x_standard_peripheral/Source/gd32f30x_exti.c **** AND ANY EXPRESS OR IMPLIED WARRANTIES, INCLUDING, BUT NOT LIMITED TO, THE IMPLIED 
  25:../Firmware/GD32F30x_standard_peripheral/Source/gd32f30x_exti.c **** WARRANTIES OF MERCHANTABILITY AND FITNESS FOR A PARTICULAR PURPOSE ARE DISCLAIMED. 
  26:../Firmware/GD32F30x_standard_peripheral/Source/gd32f30x_exti.c **** IN NO EVENT SHALL THE COPYRIGHT HOLDER OR CONTRIBUTORS BE LIABLE FOR ANY DIRECT, 
  27:../Firmware/GD32F30x_standard_peripheral/Source/gd32f30x_exti.c **** INDIRECT, INCIDENTAL, SPECIAL, EXEMPLARY, OR CONSEQUENTIAL DAMAGES (INCLUDING, BUT 
  28:../Firmware/GD32F30x_standard_peripheral/Source/gd32f30x_exti.c **** NOT LIMITED TO, PROCUREMENT OF SUBSTITUTE GOODS OR SERVICES; LOSS OF USE, DATA, OR 
  29:../Firmware/GD32F30x_standard_peripheral/Source/gd32f30x_exti.c **** PROFITS; OR BUSINESS INTERRUPTION) HOWEVER CAUSED AND ON ANY THEORY OF LIABILITY, 
  30:../Firmware/GD32F30x_standard_peripheral/Source/gd32f30x_exti.c **** WHETHER IN CONTRACT, STRICT LIABILITY, OR TORT (INCLUDING NEGLIGENCE OR OTHERWISE) 
  31:../Firmware/GD32F30x_standard_peripheral/Source/gd32f30x_exti.c **** ARISING IN ANY WAY OUT OF THE USE OF THIS SOFTWARE, EVEN IF ADVISED OF THE POSSIBILITY 
  32:../Firmware/GD32F30x_standard_peripheral/Source/gd32f30x_exti.c **** OF SUCH DAMAGE.
  33:../Firmware/GD32F30x_standard_peripheral/Source/gd32f30x_exti.c **** */
  34:../Firmware/GD32F30x_standard_peripheral/Source/gd32f30x_exti.c **** 
  35:../Firmware/GD32F30x_standard_peripheral/Source/gd32f30x_exti.c **** #include "gd32f30x_exti.h"
  36:../Firmware/GD32F30x_standard_peripheral/Source/gd32f30x_exti.c **** 
  37:../Firmware/GD32F30x_standard_peripheral/Source/gd32f30x_exti.c **** #define EXTI_REG_RESET_VALUE            ((uint32_t)0x00000000U)
  38:../Firmware/GD32F30x_standard_peripheral/Source/gd32f30x_exti.c **** 
  39:../Firmware/GD32F30x_standard_peripheral/Source/gd32f30x_exti.c **** /*!
  40:../Firmware/GD32F30x_standard_peripheral/Source/gd32f30x_exti.c ****     \brief      deinitialize the EXTI
  41:../Firmware/GD32F30x_standard_peripheral/Source/gd32f30x_exti.c ****     \param[in]  none
  42:../Firmware/GD32F30x_standard_peripheral/Source/gd32f30x_exti.c ****     \param[out] none
  43:../Firmware/GD32F30x_standard_peripheral/Source/gd32f30x_exti.c ****     \retval     none
  44:../Firmware/GD32F30x_standard_peripheral/Source/gd32f30x_exti.c **** */
  45:../Firmware/GD32F30x_standard_peripheral/Source/gd32f30x_exti.c **** void exti_deinit(void)
  46:../Firmware/GD32F30x_standard_peripheral/Source/gd32f30x_exti.c **** {
  27              		.loc 1 46 1
  28              		.cfi_startproc
  29              		@ args = 0, pretend = 0, frame = 0
  30              		@ frame_needed = 1, uses_anonymous_args = 0
  31              		@ link register save eliminated.
  32 0000 80B4     		push	{r7}
  33              		.cfi_def_cfa_offset 4
  34              		.cfi_offset 7, -4
  35 0002 00AF     		add	r7, sp, #0
  36              		.cfi_def_cfa_register 7
  47:../Firmware/GD32F30x_standard_peripheral/Source/gd32f30x_exti.c ****     /* reset the value of all the EXTI registers */
  48:../Firmware/GD32F30x_standard_peripheral/Source/gd32f30x_exti.c ****     EXTI_INTEN = EXTI_REG_RESET_VALUE;
  37              		.loc 1 48 5
  38 0004 094B     		ldr	r3, .L2
  39              		.loc 1 48 16
  40 0006 0022     		movs	r2, #0
  41 0008 1A60     		str	r2, [r3]
  49:../Firmware/GD32F30x_standard_peripheral/Source/gd32f30x_exti.c ****     EXTI_EVEN  = EXTI_REG_RESET_VALUE;
  42              		.loc 1 49 5
  43 000a 094B     		ldr	r3, .L2+4
  44              		.loc 1 49 16
  45 000c 0022     		movs	r2, #0
  46 000e 1A60     		str	r2, [r3]
  50:../Firmware/GD32F30x_standard_peripheral/Source/gd32f30x_exti.c ****     EXTI_RTEN  = EXTI_REG_RESET_VALUE;
  47              		.loc 1 50 5
  48 0010 084B     		ldr	r3, .L2+8
  49              		.loc 1 50 16
  50 0012 0022     		movs	r2, #0
  51 0014 1A60     		str	r2, [r3]
  51:../Firmware/GD32F30x_standard_peripheral/Source/gd32f30x_exti.c ****     EXTI_FTEN  = EXTI_REG_RESET_VALUE;
  52              		.loc 1 51 5
  53 0016 084B     		ldr	r3, .L2+12
  54              		.loc 1 51 16
  55 0018 0022     		movs	r2, #0
  56 001a 1A60     		str	r2, [r3]
  52:../Firmware/GD32F30x_standard_peripheral/Source/gd32f30x_exti.c ****     EXTI_SWIEV = EXTI_REG_RESET_VALUE;
  57              		.loc 1 52 5
  58 001c 074B     		ldr	r3, .L2+16
  59              		.loc 1 52 16
  60 001e 0022     		movs	r2, #0
  61 0020 1A60     		str	r2, [r3]
  53:../Firmware/GD32F30x_standard_peripheral/Source/gd32f30x_exti.c **** }
  62              		.loc 1 53 1
  63 0022 00BF     		nop
  64 0024 BD46     		mov	sp, r7
  65              		.cfi_def_cfa_register 13
  66              		@ sp needed
  67 0026 80BC     		pop	{r7}
  68              		.cfi_restore 7
  69              		.cfi_def_cfa_offset 0
  70 0028 7047     		bx	lr
  71              	.L3:
  72 002a 00BF     		.align	2
  73              	.L2:
  74 002c 00040140 		.word	1073808384
  75 0030 04040140 		.word	1073808388
  76 0034 08040140 		.word	1073808392
  77 0038 0C040140 		.word	1073808396
  78 003c 10040140 		.word	1073808400
  79              		.cfi_endproc
  80              	.LFE116:
  82              		.section	.text.exti_init,"ax",%progbits
  83              		.align	1
  84              		.global	exti_init
  85              		.syntax unified
  86              		.thumb
  87              		.thumb_func
  88              		.fpu softvfp
  90              	exti_init:
  91              	.LFB117:
  54:../Firmware/GD32F30x_standard_peripheral/Source/gd32f30x_exti.c **** 
  55:../Firmware/GD32F30x_standard_peripheral/Source/gd32f30x_exti.c **** /*!
  56:../Firmware/GD32F30x_standard_peripheral/Source/gd32f30x_exti.c ****     \brief      initialize the EXTI line x
  57:../Firmware/GD32F30x_standard_peripheral/Source/gd32f30x_exti.c ****     \param[in]  linex: EXTI line number, refer to exti_line_enum
  58:../Firmware/GD32F30x_standard_peripheral/Source/gd32f30x_exti.c ****                 only one parameter can be selected which is shown as below:
  59:../Firmware/GD32F30x_standard_peripheral/Source/gd32f30x_exti.c ****       \arg        EXTI_x (x=0..19): EXTI line x
  60:../Firmware/GD32F30x_standard_peripheral/Source/gd32f30x_exti.c ****     \param[in]  mode: interrupt or event mode, refer to exti_mode_enum
  61:../Firmware/GD32F30x_standard_peripheral/Source/gd32f30x_exti.c ****                 only one parameter can be selected which is shown as below:
  62:../Firmware/GD32F30x_standard_peripheral/Source/gd32f30x_exti.c ****       \arg        EXTI_INTERRUPT: interrupt mode
  63:../Firmware/GD32F30x_standard_peripheral/Source/gd32f30x_exti.c ****       \arg        EXTI_EVENT: event mode
  64:../Firmware/GD32F30x_standard_peripheral/Source/gd32f30x_exti.c ****     \param[in]  trig_type: interrupt trigger type, refer to exti_trig_type_enum
  65:../Firmware/GD32F30x_standard_peripheral/Source/gd32f30x_exti.c ****                 only one parameter can be selected which is shown as below:
  66:../Firmware/GD32F30x_standard_peripheral/Source/gd32f30x_exti.c ****       \arg        EXTI_TRIG_RISING: rising edge trigger
  67:../Firmware/GD32F30x_standard_peripheral/Source/gd32f30x_exti.c ****       \arg        EXTI_TRIG_FALLING: falling trigger
  68:../Firmware/GD32F30x_standard_peripheral/Source/gd32f30x_exti.c ****       \arg        EXTI_TRIG_BOTH: rising and falling trigger
  69:../Firmware/GD32F30x_standard_peripheral/Source/gd32f30x_exti.c ****       \arg        EXTI_TRIG_NONE: without rising edge or falling edge trigger
  70:../Firmware/GD32F30x_standard_peripheral/Source/gd32f30x_exti.c ****     \param[out] none
  71:../Firmware/GD32F30x_standard_peripheral/Source/gd32f30x_exti.c ****     \retval     none
  72:../Firmware/GD32F30x_standard_peripheral/Source/gd32f30x_exti.c **** */
  73:../Firmware/GD32F30x_standard_peripheral/Source/gd32f30x_exti.c **** void exti_init(exti_line_enum linex, exti_mode_enum mode, exti_trig_type_enum trig_type)
  74:../Firmware/GD32F30x_standard_peripheral/Source/gd32f30x_exti.c **** {
  92              		.loc 1 74 1
  93              		.cfi_startproc
  94              		@ args = 0, pretend = 0, frame = 8
  95              		@ frame_needed = 1, uses_anonymous_args = 0
  96              		@ link register save eliminated.
  97 0000 80B4     		push	{r7}
  98              		.cfi_def_cfa_offset 4
  99              		.cfi_offset 7, -4
 100 0002 83B0     		sub	sp, sp, #12
 101              		.cfi_def_cfa_offset 16
 102 0004 00AF     		add	r7, sp, #0
 103              		.cfi_def_cfa_register 7
 104 0006 7860     		str	r0, [r7, #4]
 105 0008 0B46     		mov	r3, r1
 106 000a FB70     		strb	r3, [r7, #3]
 107 000c 1346     		mov	r3, r2
 108 000e BB70     		strb	r3, [r7, #2]
  75:../Firmware/GD32F30x_standard_peripheral/Source/gd32f30x_exti.c ****     /* reset the EXTI line x */
  76:../Firmware/GD32F30x_standard_peripheral/Source/gd32f30x_exti.c ****     EXTI_INTEN &= ~(uint32_t)linex;
 109              		.loc 1 76 16
 110 0010 344B     		ldr	r3, .L15
 111 0012 1A68     		ldr	r2, [r3]
 112              		.loc 1 76 19
 113 0014 7B68     		ldr	r3, [r7, #4]
 114 0016 DB43     		mvns	r3, r3
 115              		.loc 1 76 16
 116 0018 3249     		ldr	r1, .L15
 117 001a 1340     		ands	r3, r3, r2
 118 001c 0B60     		str	r3, [r1]
  77:../Firmware/GD32F30x_standard_peripheral/Source/gd32f30x_exti.c ****     EXTI_EVEN &= ~(uint32_t)linex;
 119              		.loc 1 77 15
 120 001e 324B     		ldr	r3, .L15+4
 121 0020 1A68     		ldr	r2, [r3]
 122              		.loc 1 77 18
 123 0022 7B68     		ldr	r3, [r7, #4]
 124 0024 DB43     		mvns	r3, r3
 125              		.loc 1 77 15
 126 0026 3049     		ldr	r1, .L15+4
 127 0028 1340     		ands	r3, r3, r2
 128 002a 0B60     		str	r3, [r1]
  78:../Firmware/GD32F30x_standard_peripheral/Source/gd32f30x_exti.c ****     EXTI_RTEN &= ~(uint32_t)linex;
 129              		.loc 1 78 15
 130 002c 2F4B     		ldr	r3, .L15+8
 131 002e 1A68     		ldr	r2, [r3]
 132              		.loc 1 78 18
 133 0030 7B68     		ldr	r3, [r7, #4]
 134 0032 DB43     		mvns	r3, r3
 135              		.loc 1 78 15
 136 0034 2D49     		ldr	r1, .L15+8
 137 0036 1340     		ands	r3, r3, r2
 138 0038 0B60     		str	r3, [r1]
  79:../Firmware/GD32F30x_standard_peripheral/Source/gd32f30x_exti.c ****     EXTI_FTEN &= ~(uint32_t)linex;
 139              		.loc 1 79 15
 140 003a 2D4B     		ldr	r3, .L15+12
 141 003c 1A68     		ldr	r2, [r3]
 142              		.loc 1 79 18
 143 003e 7B68     		ldr	r3, [r7, #4]
 144 0040 DB43     		mvns	r3, r3
 145              		.loc 1 79 15
 146 0042 2B49     		ldr	r1, .L15+12
 147 0044 1340     		ands	r3, r3, r2
 148 0046 0B60     		str	r3, [r1]
  80:../Firmware/GD32F30x_standard_peripheral/Source/gd32f30x_exti.c ****     
  81:../Firmware/GD32F30x_standard_peripheral/Source/gd32f30x_exti.c ****     /* set the EXTI mode and enable the interrupts or events from EXTI line x */
  82:../Firmware/GD32F30x_standard_peripheral/Source/gd32f30x_exti.c ****     switch(mode){
 149              		.loc 1 82 5
 150 0048 FB78     		ldrb	r3, [r7, #3]	@ zero_extendqisi2
 151 004a 002B     		cmp	r3, #0
 152 004c 02D0     		beq	.L5
 153 004e 012B     		cmp	r3, #1
 154 0050 07D0     		beq	.L6
  83:../Firmware/GD32F30x_standard_peripheral/Source/gd32f30x_exti.c ****     case EXTI_INTERRUPT:
  84:../Firmware/GD32F30x_standard_peripheral/Source/gd32f30x_exti.c ****         EXTI_INTEN |= (uint32_t)linex;
  85:../Firmware/GD32F30x_standard_peripheral/Source/gd32f30x_exti.c ****         break;
  86:../Firmware/GD32F30x_standard_peripheral/Source/gd32f30x_exti.c ****     case EXTI_EVENT:
  87:../Firmware/GD32F30x_standard_peripheral/Source/gd32f30x_exti.c ****         EXTI_EVEN |= (uint32_t)linex;
  88:../Firmware/GD32F30x_standard_peripheral/Source/gd32f30x_exti.c ****         break;
  89:../Firmware/GD32F30x_standard_peripheral/Source/gd32f30x_exti.c ****     default:
  90:../Firmware/GD32F30x_standard_peripheral/Source/gd32f30x_exti.c ****         break;
 155              		.loc 1 90 9
 156 0052 0DE0     		b	.L8
 157              	.L5:
  84:../Firmware/GD32F30x_standard_peripheral/Source/gd32f30x_exti.c ****         break;
 158              		.loc 1 84 20
 159 0054 234B     		ldr	r3, .L15
 160 0056 1A68     		ldr	r2, [r3]
 161 0058 2249     		ldr	r1, .L15
 162 005a 7B68     		ldr	r3, [r7, #4]
 163 005c 1343     		orrs	r3, r3, r2
 164 005e 0B60     		str	r3, [r1]
  85:../Firmware/GD32F30x_standard_peripheral/Source/gd32f30x_exti.c ****     case EXTI_EVENT:
 165              		.loc 1 85 9
 166 0060 06E0     		b	.L8
 167              	.L6:
  87:../Firmware/GD32F30x_standard_peripheral/Source/gd32f30x_exti.c ****         break;
 168              		.loc 1 87 19
 169 0062 214B     		ldr	r3, .L15+4
 170 0064 1A68     		ldr	r2, [r3]
 171 0066 2049     		ldr	r1, .L15+4
 172 0068 7B68     		ldr	r3, [r7, #4]
 173 006a 1343     		orrs	r3, r3, r2
 174 006c 0B60     		str	r3, [r1]
  88:../Firmware/GD32F30x_standard_peripheral/Source/gd32f30x_exti.c ****     default:
 175              		.loc 1 88 9
 176 006e 00BF     		nop
 177              	.L8:
  91:../Firmware/GD32F30x_standard_peripheral/Source/gd32f30x_exti.c ****     }
  92:../Firmware/GD32F30x_standard_peripheral/Source/gd32f30x_exti.c ****     
  93:../Firmware/GD32F30x_standard_peripheral/Source/gd32f30x_exti.c ****     /* set the EXTI trigger type */
  94:../Firmware/GD32F30x_standard_peripheral/Source/gd32f30x_exti.c ****     switch(trig_type){
 178              		.loc 1 94 5
 179 0070 BB78     		ldrb	r3, [r7, #2]	@ zero_extendqisi2
 180 0072 022B     		cmp	r3, #2
 181 0074 22D0     		beq	.L9
 182 0076 022B     		cmp	r3, #2
 183 0078 2DDC     		bgt	.L14
 184 007a 002B     		cmp	r3, #0
 185 007c 02D0     		beq	.L11
 186 007e 012B     		cmp	r3, #1
 187 0080 0ED0     		beq	.L12
  95:../Firmware/GD32F30x_standard_peripheral/Source/gd32f30x_exti.c ****     case EXTI_TRIG_RISING:
  96:../Firmware/GD32F30x_standard_peripheral/Source/gd32f30x_exti.c ****         EXTI_RTEN |= (uint32_t)linex;
  97:../Firmware/GD32F30x_standard_peripheral/Source/gd32f30x_exti.c ****         EXTI_FTEN &= ~(uint32_t)linex;
  98:../Firmware/GD32F30x_standard_peripheral/Source/gd32f30x_exti.c ****         break;
  99:../Firmware/GD32F30x_standard_peripheral/Source/gd32f30x_exti.c ****     case EXTI_TRIG_FALLING:
 100:../Firmware/GD32F30x_standard_peripheral/Source/gd32f30x_exti.c ****         EXTI_RTEN &= ~(uint32_t)linex;
 101:../Firmware/GD32F30x_standard_peripheral/Source/gd32f30x_exti.c ****         EXTI_FTEN |= (uint32_t)linex;
 102:../Firmware/GD32F30x_standard_peripheral/Source/gd32f30x_exti.c ****         break;
 103:../Firmware/GD32F30x_standard_peripheral/Source/gd32f30x_exti.c ****     case EXTI_TRIG_BOTH:
 104:../Firmware/GD32F30x_standard_peripheral/Source/gd32f30x_exti.c ****         EXTI_RTEN |= (uint32_t)linex;
 105:../Firmware/GD32F30x_standard_peripheral/Source/gd32f30x_exti.c ****         EXTI_FTEN |= (uint32_t)linex;
 106:../Firmware/GD32F30x_standard_peripheral/Source/gd32f30x_exti.c ****         break;
 107:../Firmware/GD32F30x_standard_peripheral/Source/gd32f30x_exti.c ****     case EXTI_TRIG_NONE:
 108:../Firmware/GD32F30x_standard_peripheral/Source/gd32f30x_exti.c ****     default:
 109:../Firmware/GD32F30x_standard_peripheral/Source/gd32f30x_exti.c ****         break;
 188              		.loc 1 109 9
 189 0082 28E0     		b	.L14
 190              	.L11:
  96:../Firmware/GD32F30x_standard_peripheral/Source/gd32f30x_exti.c ****         EXTI_FTEN &= ~(uint32_t)linex;
 191              		.loc 1 96 19
 192 0084 194B     		ldr	r3, .L15+8
 193 0086 1A68     		ldr	r2, [r3]
 194 0088 1849     		ldr	r1, .L15+8
 195 008a 7B68     		ldr	r3, [r7, #4]
 196 008c 1343     		orrs	r3, r3, r2
 197 008e 0B60     		str	r3, [r1]
  97:../Firmware/GD32F30x_standard_peripheral/Source/gd32f30x_exti.c ****         break;
 198              		.loc 1 97 19
 199 0090 174B     		ldr	r3, .L15+12
 200 0092 1A68     		ldr	r2, [r3]
  97:../Firmware/GD32F30x_standard_peripheral/Source/gd32f30x_exti.c ****         break;
 201              		.loc 1 97 22
 202 0094 7B68     		ldr	r3, [r7, #4]
 203 0096 DB43     		mvns	r3, r3
  97:../Firmware/GD32F30x_standard_peripheral/Source/gd32f30x_exti.c ****         break;
 204              		.loc 1 97 19
 205 0098 1549     		ldr	r1, .L15+12
 206 009a 1340     		ands	r3, r3, r2
 207 009c 0B60     		str	r3, [r1]
  98:../Firmware/GD32F30x_standard_peripheral/Source/gd32f30x_exti.c ****     case EXTI_TRIG_FALLING:
 208              		.loc 1 98 9
 209 009e 1BE0     		b	.L13
 210              	.L12:
 100:../Firmware/GD32F30x_standard_peripheral/Source/gd32f30x_exti.c ****         EXTI_FTEN |= (uint32_t)linex;
 211              		.loc 1 100 19
 212 00a0 124B     		ldr	r3, .L15+8
 213 00a2 1A68     		ldr	r2, [r3]
 100:../Firmware/GD32F30x_standard_peripheral/Source/gd32f30x_exti.c ****         EXTI_FTEN |= (uint32_t)linex;
 214              		.loc 1 100 22
 215 00a4 7B68     		ldr	r3, [r7, #4]
 216 00a6 DB43     		mvns	r3, r3
 100:../Firmware/GD32F30x_standard_peripheral/Source/gd32f30x_exti.c ****         EXTI_FTEN |= (uint32_t)linex;
 217              		.loc 1 100 19
 218 00a8 1049     		ldr	r1, .L15+8
 219 00aa 1340     		ands	r3, r3, r2
 220 00ac 0B60     		str	r3, [r1]
 101:../Firmware/GD32F30x_standard_peripheral/Source/gd32f30x_exti.c ****         break;
 221              		.loc 1 101 19
 222 00ae 104B     		ldr	r3, .L15+12
 223 00b0 1A68     		ldr	r2, [r3]
 224 00b2 0F49     		ldr	r1, .L15+12
 225 00b4 7B68     		ldr	r3, [r7, #4]
 226 00b6 1343     		orrs	r3, r3, r2
 227 00b8 0B60     		str	r3, [r1]
 102:../Firmware/GD32F30x_standard_peripheral/Source/gd32f30x_exti.c ****     case EXTI_TRIG_BOTH:
 228              		.loc 1 102 9
 229 00ba 0DE0     		b	.L13
 230              	.L9:
 104:../Firmware/GD32F30x_standard_peripheral/Source/gd32f30x_exti.c ****         EXTI_FTEN |= (uint32_t)linex;
 231              		.loc 1 104 19
 232 00bc 0B4B     		ldr	r3, .L15+8
 233 00be 1A68     		ldr	r2, [r3]
 234 00c0 0A49     		ldr	r1, .L15+8
 235 00c2 7B68     		ldr	r3, [r7, #4]
 236 00c4 1343     		orrs	r3, r3, r2
 237 00c6 0B60     		str	r3, [r1]
 105:../Firmware/GD32F30x_standard_peripheral/Source/gd32f30x_exti.c ****         break;
 238              		.loc 1 105 19
 239 00c8 094B     		ldr	r3, .L15+12
 240 00ca 1A68     		ldr	r2, [r3]
 241 00cc 0849     		ldr	r1, .L15+12
 242 00ce 7B68     		ldr	r3, [r7, #4]
 243 00d0 1343     		orrs	r3, r3, r2
 244 00d2 0B60     		str	r3, [r1]
 106:../Firmware/GD32F30x_standard_peripheral/Source/gd32f30x_exti.c ****     case EXTI_TRIG_NONE:
 245              		.loc 1 106 9
 246 00d4 00E0     		b	.L13
 247              	.L14:
 248              		.loc 1 109 9
 249 00d6 00BF     		nop
 250              	.L13:
 110:../Firmware/GD32F30x_standard_peripheral/Source/gd32f30x_exti.c ****     }
 111:../Firmware/GD32F30x_standard_peripheral/Source/gd32f30x_exti.c **** }
 251              		.loc 1 111 1
 252 00d8 00BF     		nop
 253 00da 0C37     		adds	r7, r7, #12
 254              		.cfi_def_cfa_offset 4
 255 00dc BD46     		mov	sp, r7
 256              		.cfi_def_cfa_register 13
 257              		@ sp needed
 258 00de 80BC     		pop	{r7}
 259              		.cfi_restore 7
 260              		.cfi_def_cfa_offset 0
 261 00e0 7047     		bx	lr
 262              	.L16:
 263 00e2 00BF     		.align	2
 264              	.L15:
 265 00e4 00040140 		.word	1073808384
 266 00e8 04040140 		.word	1073808388
 267 00ec 08040140 		.word	1073808392
 268 00f0 0C040140 		.word	1073808396
 269              		.cfi_endproc
 270              	.LFE117:
 272              		.section	.text.exti_interrupt_enable,"ax",%progbits
 273              		.align	1
 274              		.global	exti_interrupt_enable
 275              		.syntax unified
 276              		.thumb
 277              		.thumb_func
 278              		.fpu softvfp
 280              	exti_interrupt_enable:
 281              	.LFB118:
 112:../Firmware/GD32F30x_standard_peripheral/Source/gd32f30x_exti.c **** 
 113:../Firmware/GD32F30x_standard_peripheral/Source/gd32f30x_exti.c **** /*!
 114:../Firmware/GD32F30x_standard_peripheral/Source/gd32f30x_exti.c ****     \brief      enable the interrupts from EXTI line x
 115:../Firmware/GD32F30x_standard_peripheral/Source/gd32f30x_exti.c ****     \param[in]  linex: EXTI line number, refer to exti_line_enum
 116:../Firmware/GD32F30x_standard_peripheral/Source/gd32f30x_exti.c ****                 only one parameter can be selected which is shown as below:
 117:../Firmware/GD32F30x_standard_peripheral/Source/gd32f30x_exti.c ****       \arg        EXTI_x (x=0..19): EXTI line x
 118:../Firmware/GD32F30x_standard_peripheral/Source/gd32f30x_exti.c ****     \param[out] none
 119:../Firmware/GD32F30x_standard_peripheral/Source/gd32f30x_exti.c ****     \retval     none
 120:../Firmware/GD32F30x_standard_peripheral/Source/gd32f30x_exti.c **** */
 121:../Firmware/GD32F30x_standard_peripheral/Source/gd32f30x_exti.c **** void exti_interrupt_enable(exti_line_enum linex)
 122:../Firmware/GD32F30x_standard_peripheral/Source/gd32f30x_exti.c **** {
 282              		.loc 1 122 1
 283              		.cfi_startproc
 284              		@ args = 0, pretend = 0, frame = 8
 285              		@ frame_needed = 1, uses_anonymous_args = 0
 286              		@ link register save eliminated.
 287 0000 80B4     		push	{r7}
 288              		.cfi_def_cfa_offset 4
 289              		.cfi_offset 7, -4
 290 0002 83B0     		sub	sp, sp, #12
 291              		.cfi_def_cfa_offset 16
 292 0004 00AF     		add	r7, sp, #0
 293              		.cfi_def_cfa_register 7
 294 0006 7860     		str	r0, [r7, #4]
 123:../Firmware/GD32F30x_standard_peripheral/Source/gd32f30x_exti.c ****     EXTI_INTEN |= (uint32_t)linex;
 295              		.loc 1 123 16
 296 0008 054B     		ldr	r3, .L18
 297 000a 1A68     		ldr	r2, [r3]
 298 000c 0449     		ldr	r1, .L18
 299 000e 7B68     		ldr	r3, [r7, #4]
 300 0010 1343     		orrs	r3, r3, r2
 301 0012 0B60     		str	r3, [r1]
 124:../Firmware/GD32F30x_standard_peripheral/Source/gd32f30x_exti.c **** }
 302              		.loc 1 124 1
 303 0014 00BF     		nop
 304 0016 0C37     		adds	r7, r7, #12
 305              		.cfi_def_cfa_offset 4
 306 0018 BD46     		mov	sp, r7
 307              		.cfi_def_cfa_register 13
 308              		@ sp needed
 309 001a 80BC     		pop	{r7}
 310              		.cfi_restore 7
 311              		.cfi_def_cfa_offset 0
 312 001c 7047     		bx	lr
 313              	.L19:
 314 001e 00BF     		.align	2
 315              	.L18:
 316 0020 00040140 		.word	1073808384
 317              		.cfi_endproc
 318              	.LFE118:
 320              		.section	.text.exti_interrupt_disable,"ax",%progbits
 321              		.align	1
 322              		.global	exti_interrupt_disable
 323              		.syntax unified
 324              		.thumb
 325              		.thumb_func
 326              		.fpu softvfp
 328              	exti_interrupt_disable:
 329              	.LFB119:
 125:../Firmware/GD32F30x_standard_peripheral/Source/gd32f30x_exti.c **** 
 126:../Firmware/GD32F30x_standard_peripheral/Source/gd32f30x_exti.c **** /*!
 127:../Firmware/GD32F30x_standard_peripheral/Source/gd32f30x_exti.c ****     \brief      disable the interrupt from EXTI line x
 128:../Firmware/GD32F30x_standard_peripheral/Source/gd32f30x_exti.c ****     \param[in]  linex: EXTI line number, refer to exti_line_enum
 129:../Firmware/GD32F30x_standard_peripheral/Source/gd32f30x_exti.c ****                 only one parameter can be selected which is shown as below:
 130:../Firmware/GD32F30x_standard_peripheral/Source/gd32f30x_exti.c ****       \arg        EXTI_x (x=0..19): EXTI line x
 131:../Firmware/GD32F30x_standard_peripheral/Source/gd32f30x_exti.c ****     \param[out] none
 132:../Firmware/GD32F30x_standard_peripheral/Source/gd32f30x_exti.c ****     \retval     none
 133:../Firmware/GD32F30x_standard_peripheral/Source/gd32f30x_exti.c **** */
 134:../Firmware/GD32F30x_standard_peripheral/Source/gd32f30x_exti.c **** void exti_interrupt_disable(exti_line_enum linex)
 135:../Firmware/GD32F30x_standard_peripheral/Source/gd32f30x_exti.c **** {
 330              		.loc 1 135 1
 331              		.cfi_startproc
 332              		@ args = 0, pretend = 0, frame = 8
 333              		@ frame_needed = 1, uses_anonymous_args = 0
 334              		@ link register save eliminated.
 335 0000 80B4     		push	{r7}
 336              		.cfi_def_cfa_offset 4
 337              		.cfi_offset 7, -4
 338 0002 83B0     		sub	sp, sp, #12
 339              		.cfi_def_cfa_offset 16
 340 0004 00AF     		add	r7, sp, #0
 341              		.cfi_def_cfa_register 7
 342 0006 7860     		str	r0, [r7, #4]
 136:../Firmware/GD32F30x_standard_peripheral/Source/gd32f30x_exti.c ****     EXTI_INTEN &= ~(uint32_t)linex;
 343              		.loc 1 136 16
 344 0008 054B     		ldr	r3, .L21
 345 000a 1A68     		ldr	r2, [r3]
 346              		.loc 1 136 19
 347 000c 7B68     		ldr	r3, [r7, #4]
 348 000e DB43     		mvns	r3, r3
 349              		.loc 1 136 16
 350 0010 0349     		ldr	r1, .L21
 351 0012 1340     		ands	r3, r3, r2
 352 0014 0B60     		str	r3, [r1]
 137:../Firmware/GD32F30x_standard_peripheral/Source/gd32f30x_exti.c **** }
 353              		.loc 1 137 1
 354 0016 00BF     		nop
 355 0018 0C37     		adds	r7, r7, #12
 356              		.cfi_def_cfa_offset 4
 357 001a BD46     		mov	sp, r7
 358              		.cfi_def_cfa_register 13
 359              		@ sp needed
 360 001c 80BC     		pop	{r7}
 361              		.cfi_restore 7
 362              		.cfi_def_cfa_offset 0
 363 001e 7047     		bx	lr
 364              	.L22:
 365              		.align	2
 366              	.L21:
 367 0020 00040140 		.word	1073808384
 368              		.cfi_endproc
 369              	.LFE119:
 371              		.section	.text.exti_event_enable,"ax",%progbits
 372              		.align	1
 373              		.global	exti_event_enable
 374              		.syntax unified
 375              		.thumb
 376              		.thumb_func
 377              		.fpu softvfp
 379              	exti_event_enable:
 380              	.LFB120:
 138:../Firmware/GD32F30x_standard_peripheral/Source/gd32f30x_exti.c **** 
 139:../Firmware/GD32F30x_standard_peripheral/Source/gd32f30x_exti.c **** /*!
 140:../Firmware/GD32F30x_standard_peripheral/Source/gd32f30x_exti.c ****     \brief      enable the events from EXTI line x
 141:../Firmware/GD32F30x_standard_peripheral/Source/gd32f30x_exti.c ****     \param[in]  linex: EXTI line number, refer to exti_line_enum
 142:../Firmware/GD32F30x_standard_peripheral/Source/gd32f30x_exti.c ****                 only one parameter can be selected which is shown as below:
 143:../Firmware/GD32F30x_standard_peripheral/Source/gd32f30x_exti.c ****       \arg        EXTI_x (x=0..19): EXTI line x
 144:../Firmware/GD32F30x_standard_peripheral/Source/gd32f30x_exti.c ****     \param[out] none
 145:../Firmware/GD32F30x_standard_peripheral/Source/gd32f30x_exti.c ****     \retval     none
 146:../Firmware/GD32F30x_standard_peripheral/Source/gd32f30x_exti.c **** */
 147:../Firmware/GD32F30x_standard_peripheral/Source/gd32f30x_exti.c **** void exti_event_enable(exti_line_enum linex)
 148:../Firmware/GD32F30x_standard_peripheral/Source/gd32f30x_exti.c **** {
 381              		.loc 1 148 1
 382              		.cfi_startproc
 383              		@ args = 0, pretend = 0, frame = 8
 384              		@ frame_needed = 1, uses_anonymous_args = 0
 385              		@ link register save eliminated.
 386 0000 80B4     		push	{r7}
 387              		.cfi_def_cfa_offset 4
 388              		.cfi_offset 7, -4
 389 0002 83B0     		sub	sp, sp, #12
 390              		.cfi_def_cfa_offset 16
 391 0004 00AF     		add	r7, sp, #0
 392              		.cfi_def_cfa_register 7
 393 0006 7860     		str	r0, [r7, #4]
 149:../Firmware/GD32F30x_standard_peripheral/Source/gd32f30x_exti.c ****     EXTI_EVEN |= (uint32_t)linex;
 394              		.loc 1 149 15
 395 0008 054B     		ldr	r3, .L24
 396 000a 1A68     		ldr	r2, [r3]
 397 000c 0449     		ldr	r1, .L24
 398 000e 7B68     		ldr	r3, [r7, #4]
 399 0010 1343     		orrs	r3, r3, r2
 400 0012 0B60     		str	r3, [r1]
 150:../Firmware/GD32F30x_standard_peripheral/Source/gd32f30x_exti.c **** }
 401              		.loc 1 150 1
 402 0014 00BF     		nop
 403 0016 0C37     		adds	r7, r7, #12
 404              		.cfi_def_cfa_offset 4
 405 0018 BD46     		mov	sp, r7
 406              		.cfi_def_cfa_register 13
 407              		@ sp needed
 408 001a 80BC     		pop	{r7}
 409              		.cfi_restore 7
 410              		.cfi_def_cfa_offset 0
 411 001c 7047     		bx	lr
 412              	.L25:
 413 001e 00BF     		.align	2
 414              	.L24:
 415 0020 04040140 		.word	1073808388
 416              		.cfi_endproc
 417              	.LFE120:
 419              		.section	.text.exti_event_disable,"ax",%progbits
 420              		.align	1
 421              		.global	exti_event_disable
 422              		.syntax unified
 423              		.thumb
 424              		.thumb_func
 425              		.fpu softvfp
 427              	exti_event_disable:
 428              	.LFB121:
 151:../Firmware/GD32F30x_standard_peripheral/Source/gd32f30x_exti.c **** 
 152:../Firmware/GD32F30x_standard_peripheral/Source/gd32f30x_exti.c **** /*!
 153:../Firmware/GD32F30x_standard_peripheral/Source/gd32f30x_exti.c ****     \brief      disable the events from EXTI line x
 154:../Firmware/GD32F30x_standard_peripheral/Source/gd32f30x_exti.c ****     \param[in]  linex: EXTI line number, refer to exti_line_enum
 155:../Firmware/GD32F30x_standard_peripheral/Source/gd32f30x_exti.c ****                 only one parameter can be selected which is shown as below:
 156:../Firmware/GD32F30x_standard_peripheral/Source/gd32f30x_exti.c ****       \arg        EXTI_x (x=0..19): EXTI line x
 157:../Firmware/GD32F30x_standard_peripheral/Source/gd32f30x_exti.c ****     \param[out] none
 158:../Firmware/GD32F30x_standard_peripheral/Source/gd32f30x_exti.c ****     \retval     none
 159:../Firmware/GD32F30x_standard_peripheral/Source/gd32f30x_exti.c **** */
 160:../Firmware/GD32F30x_standard_peripheral/Source/gd32f30x_exti.c **** void exti_event_disable(exti_line_enum linex)
 161:../Firmware/GD32F30x_standard_peripheral/Source/gd32f30x_exti.c **** {
 429              		.loc 1 161 1
 430              		.cfi_startproc
 431              		@ args = 0, pretend = 0, frame = 8
 432              		@ frame_needed = 1, uses_anonymous_args = 0
 433              		@ link register save eliminated.
 434 0000 80B4     		push	{r7}
 435              		.cfi_def_cfa_offset 4
 436              		.cfi_offset 7, -4
 437 0002 83B0     		sub	sp, sp, #12
 438              		.cfi_def_cfa_offset 16
 439 0004 00AF     		add	r7, sp, #0
 440              		.cfi_def_cfa_register 7
 441 0006 7860     		str	r0, [r7, #4]
 162:../Firmware/GD32F30x_standard_peripheral/Source/gd32f30x_exti.c ****     EXTI_EVEN &= ~(uint32_t)linex;
 442              		.loc 1 162 15
 443 0008 054B     		ldr	r3, .L27
 444 000a 1A68     		ldr	r2, [r3]
 445              		.loc 1 162 18
 446 000c 7B68     		ldr	r3, [r7, #4]
 447 000e DB43     		mvns	r3, r3
 448              		.loc 1 162 15
 449 0010 0349     		ldr	r1, .L27
 450 0012 1340     		ands	r3, r3, r2
 451 0014 0B60     		str	r3, [r1]
 163:../Firmware/GD32F30x_standard_peripheral/Source/gd32f30x_exti.c **** }
 452              		.loc 1 163 1
 453 0016 00BF     		nop
 454 0018 0C37     		adds	r7, r7, #12
 455              		.cfi_def_cfa_offset 4
 456 001a BD46     		mov	sp, r7
 457              		.cfi_def_cfa_register 13
 458              		@ sp needed
 459 001c 80BC     		pop	{r7}
 460              		.cfi_restore 7
 461              		.cfi_def_cfa_offset 0
 462 001e 7047     		bx	lr
 463              	.L28:
 464              		.align	2
 465              	.L27:
 466 0020 04040140 		.word	1073808388
 467              		.cfi_endproc
 468              	.LFE121:
 470              		.section	.text.exti_software_interrupt_enable,"ax",%progbits
 471              		.align	1
 472              		.global	exti_software_interrupt_enable
 473              		.syntax unified
 474              		.thumb
 475              		.thumb_func
 476              		.fpu softvfp
 478              	exti_software_interrupt_enable:
 479              	.LFB122:
 164:../Firmware/GD32F30x_standard_peripheral/Source/gd32f30x_exti.c **** 
 165:../Firmware/GD32F30x_standard_peripheral/Source/gd32f30x_exti.c **** /*!
 166:../Firmware/GD32F30x_standard_peripheral/Source/gd32f30x_exti.c ****     \brief      enable the software interrupt event from EXTI line x
 167:../Firmware/GD32F30x_standard_peripheral/Source/gd32f30x_exti.c ****     \param[in]  linex: EXTI line number, refer to exti_line_enum
 168:../Firmware/GD32F30x_standard_peripheral/Source/gd32f30x_exti.c ****                 only one parameter can be selected which is shown as below:
 169:../Firmware/GD32F30x_standard_peripheral/Source/gd32f30x_exti.c ****       \arg        EXTI_x (x=0..19): EXTI line x
 170:../Firmware/GD32F30x_standard_peripheral/Source/gd32f30x_exti.c ****     \param[out] none
 171:../Firmware/GD32F30x_standard_peripheral/Source/gd32f30x_exti.c ****     \retval     none
 172:../Firmware/GD32F30x_standard_peripheral/Source/gd32f30x_exti.c **** */
 173:../Firmware/GD32F30x_standard_peripheral/Source/gd32f30x_exti.c **** void exti_software_interrupt_enable(exti_line_enum linex)
 174:../Firmware/GD32F30x_standard_peripheral/Source/gd32f30x_exti.c **** {
 480              		.loc 1 174 1
 481              		.cfi_startproc
 482              		@ args = 0, pretend = 0, frame = 8
 483              		@ frame_needed = 1, uses_anonymous_args = 0
 484              		@ link register save eliminated.
 485 0000 80B4     		push	{r7}
 486              		.cfi_def_cfa_offset 4
 487              		.cfi_offset 7, -4
 488 0002 83B0     		sub	sp, sp, #12
 489              		.cfi_def_cfa_offset 16
 490 0004 00AF     		add	r7, sp, #0
 491              		.cfi_def_cfa_register 7
 492 0006 7860     		str	r0, [r7, #4]
 175:../Firmware/GD32F30x_standard_peripheral/Source/gd32f30x_exti.c ****     EXTI_SWIEV |= (uint32_t)linex;
 493              		.loc 1 175 16
 494 0008 054B     		ldr	r3, .L30
 495 000a 1A68     		ldr	r2, [r3]
 496 000c 0449     		ldr	r1, .L30
 497 000e 7B68     		ldr	r3, [r7, #4]
 498 0010 1343     		orrs	r3, r3, r2
 499 0012 0B60     		str	r3, [r1]
 176:../Firmware/GD32F30x_standard_peripheral/Source/gd32f30x_exti.c **** }
 500              		.loc 1 176 1
 501 0014 00BF     		nop
 502 0016 0C37     		adds	r7, r7, #12
 503              		.cfi_def_cfa_offset 4
 504 0018 BD46     		mov	sp, r7
 505              		.cfi_def_cfa_register 13
 506              		@ sp needed
 507 001a 80BC     		pop	{r7}
 508              		.cfi_restore 7
 509              		.cfi_def_cfa_offset 0
 510 001c 7047     		bx	lr
 511              	.L31:
 512 001e 00BF     		.align	2
 513              	.L30:
 514 0020 10040140 		.word	1073808400
 515              		.cfi_endproc
 516              	.LFE122:
 518              		.section	.text.exti_software_interrupt_disable,"ax",%progbits
 519              		.align	1
 520              		.global	exti_software_interrupt_disable
 521              		.syntax unified
 522              		.thumb
 523              		.thumb_func
 524              		.fpu softvfp
 526              	exti_software_interrupt_disable:
 527              	.LFB123:
 177:../Firmware/GD32F30x_standard_peripheral/Source/gd32f30x_exti.c **** 
 178:../Firmware/GD32F30x_standard_peripheral/Source/gd32f30x_exti.c **** /*!
 179:../Firmware/GD32F30x_standard_peripheral/Source/gd32f30x_exti.c ****     \brief      disable the software interrupt event from EXTI line x
 180:../Firmware/GD32F30x_standard_peripheral/Source/gd32f30x_exti.c ****     \param[in]  linex: EXTI line number, refer to exti_line_enum
 181:../Firmware/GD32F30x_standard_peripheral/Source/gd32f30x_exti.c ****                 only one parameter can be selected which is shown as below:
 182:../Firmware/GD32F30x_standard_peripheral/Source/gd32f30x_exti.c ****       \arg        EXTI_x (x=0..19): EXTI line x
 183:../Firmware/GD32F30x_standard_peripheral/Source/gd32f30x_exti.c ****     \param[out] none
 184:../Firmware/GD32F30x_standard_peripheral/Source/gd32f30x_exti.c ****     \retval     none
 185:../Firmware/GD32F30x_standard_peripheral/Source/gd32f30x_exti.c **** */
 186:../Firmware/GD32F30x_standard_peripheral/Source/gd32f30x_exti.c **** void exti_software_interrupt_disable(exti_line_enum linex)
 187:../Firmware/GD32F30x_standard_peripheral/Source/gd32f30x_exti.c **** {
 528              		.loc 1 187 1
 529              		.cfi_startproc
 530              		@ args = 0, pretend = 0, frame = 8
 531              		@ frame_needed = 1, uses_anonymous_args = 0
 532              		@ link register save eliminated.
 533 0000 80B4     		push	{r7}
 534              		.cfi_def_cfa_offset 4
 535              		.cfi_offset 7, -4
 536 0002 83B0     		sub	sp, sp, #12
 537              		.cfi_def_cfa_offset 16
 538 0004 00AF     		add	r7, sp, #0
 539              		.cfi_def_cfa_register 7
 540 0006 7860     		str	r0, [r7, #4]
 188:../Firmware/GD32F30x_standard_peripheral/Source/gd32f30x_exti.c ****     EXTI_SWIEV &= ~(uint32_t)linex;
 541              		.loc 1 188 16
 542 0008 054B     		ldr	r3, .L33
 543 000a 1A68     		ldr	r2, [r3]
 544              		.loc 1 188 19
 545 000c 7B68     		ldr	r3, [r7, #4]
 546 000e DB43     		mvns	r3, r3
 547              		.loc 1 188 16
 548 0010 0349     		ldr	r1, .L33
 549 0012 1340     		ands	r3, r3, r2
 550 0014 0B60     		str	r3, [r1]
 189:../Firmware/GD32F30x_standard_peripheral/Source/gd32f30x_exti.c **** }
 551              		.loc 1 189 1
 552 0016 00BF     		nop
 553 0018 0C37     		adds	r7, r7, #12
 554              		.cfi_def_cfa_offset 4
 555 001a BD46     		mov	sp, r7
 556              		.cfi_def_cfa_register 13
 557              		@ sp needed
 558 001c 80BC     		pop	{r7}
 559              		.cfi_restore 7
 560              		.cfi_def_cfa_offset 0
 561 001e 7047     		bx	lr
 562              	.L34:
 563              		.align	2
 564              	.L33:
 565 0020 10040140 		.word	1073808400
 566              		.cfi_endproc
 567              	.LFE123:
 569              		.section	.text.exti_flag_get,"ax",%progbits
 570              		.align	1
 571              		.global	exti_flag_get
 572              		.syntax unified
 573              		.thumb
 574              		.thumb_func
 575              		.fpu softvfp
 577              	exti_flag_get:
 578              	.LFB124:
 190:../Firmware/GD32F30x_standard_peripheral/Source/gd32f30x_exti.c **** 
 191:../Firmware/GD32F30x_standard_peripheral/Source/gd32f30x_exti.c **** /*!
 192:../Firmware/GD32F30x_standard_peripheral/Source/gd32f30x_exti.c ****     \brief      get EXTI line x interrupt pending flag
 193:../Firmware/GD32F30x_standard_peripheral/Source/gd32f30x_exti.c ****     \param[in]  linex: EXTI line number, refer to exti_line_enum
 194:../Firmware/GD32F30x_standard_peripheral/Source/gd32f30x_exti.c ****                 only one parameter can be selected which is shown as below:
 195:../Firmware/GD32F30x_standard_peripheral/Source/gd32f30x_exti.c ****       \arg        EXTI_x (x=0..19): EXTI line x
 196:../Firmware/GD32F30x_standard_peripheral/Source/gd32f30x_exti.c ****     \param[out] none
 197:../Firmware/GD32F30x_standard_peripheral/Source/gd32f30x_exti.c ****     \retval     FlagStatus: status of flag (RESET or SET)
 198:../Firmware/GD32F30x_standard_peripheral/Source/gd32f30x_exti.c **** */
 199:../Firmware/GD32F30x_standard_peripheral/Source/gd32f30x_exti.c **** FlagStatus exti_flag_get(exti_line_enum linex)
 200:../Firmware/GD32F30x_standard_peripheral/Source/gd32f30x_exti.c **** {
 579              		.loc 1 200 1
 580              		.cfi_startproc
 581              		@ args = 0, pretend = 0, frame = 8
 582              		@ frame_needed = 1, uses_anonymous_args = 0
 583              		@ link register save eliminated.
 584 0000 80B4     		push	{r7}
 585              		.cfi_def_cfa_offset 4
 586              		.cfi_offset 7, -4
 587 0002 83B0     		sub	sp, sp, #12
 588              		.cfi_def_cfa_offset 16
 589 0004 00AF     		add	r7, sp, #0
 590              		.cfi_def_cfa_register 7
 591 0006 7860     		str	r0, [r7, #4]
 201:../Firmware/GD32F30x_standard_peripheral/Source/gd32f30x_exti.c ****     if(RESET != (EXTI_PD & (uint32_t)linex)){
 592              		.loc 1 201 18
 593 0008 064B     		ldr	r3, .L38
 594 000a 1A68     		ldr	r2, [r3]
 595              		.loc 1 201 26
 596 000c 7B68     		ldr	r3, [r7, #4]
 597 000e 1340     		ands	r3, r3, r2
 598              		.loc 1 201 7
 599 0010 002B     		cmp	r3, #0
 600 0012 01D0     		beq	.L36
 202:../Firmware/GD32F30x_standard_peripheral/Source/gd32f30x_exti.c ****         return SET;
 601              		.loc 1 202 16
 602 0014 0123     		movs	r3, #1
 603 0016 00E0     		b	.L37
 604              	.L36:
 203:../Firmware/GD32F30x_standard_peripheral/Source/gd32f30x_exti.c ****     }else{
 204:../Firmware/GD32F30x_standard_peripheral/Source/gd32f30x_exti.c ****         return RESET;
 605              		.loc 1 204 16
 606 0018 0023     		movs	r3, #0
 607              	.L37:
 205:../Firmware/GD32F30x_standard_peripheral/Source/gd32f30x_exti.c ****     } 
 206:../Firmware/GD32F30x_standard_peripheral/Source/gd32f30x_exti.c **** }
 608              		.loc 1 206 1
 609 001a 1846     		mov	r0, r3
 610 001c 0C37     		adds	r7, r7, #12
 611              		.cfi_def_cfa_offset 4
 612 001e BD46     		mov	sp, r7
 613              		.cfi_def_cfa_register 13
 614              		@ sp needed
 615 0020 80BC     		pop	{r7}
 616              		.cfi_restore 7
 617              		.cfi_def_cfa_offset 0
 618 0022 7047     		bx	lr
 619              	.L39:
 620              		.align	2
 621              	.L38:
 622 0024 14040140 		.word	1073808404
 623              		.cfi_endproc
 624              	.LFE124:
 626              		.section	.text.exti_flag_clear,"ax",%progbits
 627              		.align	1
 628              		.global	exti_flag_clear
 629              		.syntax unified
 630              		.thumb
 631              		.thumb_func
 632              		.fpu softvfp
 634              	exti_flag_clear:
 635              	.LFB125:
 207:../Firmware/GD32F30x_standard_peripheral/Source/gd32f30x_exti.c **** 
 208:../Firmware/GD32F30x_standard_peripheral/Source/gd32f30x_exti.c **** /*!
 209:../Firmware/GD32F30x_standard_peripheral/Source/gd32f30x_exti.c ****     \brief      clear EXTI line x interrupt pending flag
 210:../Firmware/GD32F30x_standard_peripheral/Source/gd32f30x_exti.c ****     \param[in]  linex: EXTI line number, refer to exti_line_enum
 211:../Firmware/GD32F30x_standard_peripheral/Source/gd32f30x_exti.c ****                 only one parameter can be selected which is shown as below:
 212:../Firmware/GD32F30x_standard_peripheral/Source/gd32f30x_exti.c ****       \arg        EXTI_x (x=0..19): EXTI line x
 213:../Firmware/GD32F30x_standard_peripheral/Source/gd32f30x_exti.c ****     \param[out] none
 214:../Firmware/GD32F30x_standard_peripheral/Source/gd32f30x_exti.c ****     \retval     none
 215:../Firmware/GD32F30x_standard_peripheral/Source/gd32f30x_exti.c **** */
 216:../Firmware/GD32F30x_standard_peripheral/Source/gd32f30x_exti.c **** void exti_flag_clear(exti_line_enum linex)
 217:../Firmware/GD32F30x_standard_peripheral/Source/gd32f30x_exti.c **** {
 636              		.loc 1 217 1
 637              		.cfi_startproc
 638              		@ args = 0, pretend = 0, frame = 8
 639              		@ frame_needed = 1, uses_anonymous_args = 0
 640              		@ link register save eliminated.
 641 0000 80B4     		push	{r7}
 642              		.cfi_def_cfa_offset 4
 643              		.cfi_offset 7, -4
 644 0002 83B0     		sub	sp, sp, #12
 645              		.cfi_def_cfa_offset 16
 646 0004 00AF     		add	r7, sp, #0
 647              		.cfi_def_cfa_register 7
 648 0006 7860     		str	r0, [r7, #4]
 218:../Firmware/GD32F30x_standard_peripheral/Source/gd32f30x_exti.c ****     EXTI_PD = (uint32_t)linex;
 649              		.loc 1 218 5
 650 0008 034A     		ldr	r2, .L41
 651              		.loc 1 218 13
 652 000a 7B68     		ldr	r3, [r7, #4]
 653 000c 1360     		str	r3, [r2]
 219:../Firmware/GD32F30x_standard_peripheral/Source/gd32f30x_exti.c **** }
 654              		.loc 1 219 1
 655 000e 00BF     		nop
 656 0010 0C37     		adds	r7, r7, #12
 657              		.cfi_def_cfa_offset 4
 658 0012 BD46     		mov	sp, r7
 659              		.cfi_def_cfa_register 13
 660              		@ sp needed
 661 0014 80BC     		pop	{r7}
 662              		.cfi_restore 7
 663              		.cfi_def_cfa_offset 0
 664 0016 7047     		bx	lr
 665              	.L42:
 666              		.align	2
 667              	.L41:
 668 0018 14040140 		.word	1073808404
 669              		.cfi_endproc
 670              	.LFE125:
 672              		.section	.text.exti_interrupt_flag_get,"ax",%progbits
 673              		.align	1
 674              		.global	exti_interrupt_flag_get
 675              		.syntax unified
 676              		.thumb
 677              		.thumb_func
 678              		.fpu softvfp
 680              	exti_interrupt_flag_get:
 681              	.LFB126:
 220:../Firmware/GD32F30x_standard_peripheral/Source/gd32f30x_exti.c **** 
 221:../Firmware/GD32F30x_standard_peripheral/Source/gd32f30x_exti.c **** /*!
 222:../Firmware/GD32F30x_standard_peripheral/Source/gd32f30x_exti.c ****     \brief      get EXTI line x interrupt pending flag
 223:../Firmware/GD32F30x_standard_peripheral/Source/gd32f30x_exti.c ****     \param[in]  linex: EXTI line number, refer to exti_line_enum
 224:../Firmware/GD32F30x_standard_peripheral/Source/gd32f30x_exti.c ****                 only one parameter can be selected which is shown as below:
 225:../Firmware/GD32F30x_standard_peripheral/Source/gd32f30x_exti.c ****       \arg        EXTI_x (x=0..19): EXTI line x
 226:../Firmware/GD32F30x_standard_peripheral/Source/gd32f30x_exti.c ****     \param[out] none
 227:../Firmware/GD32F30x_standard_peripheral/Source/gd32f30x_exti.c ****     \retval     FlagStatus: status of flag (RESET or SET)
 228:../Firmware/GD32F30x_standard_peripheral/Source/gd32f30x_exti.c **** */
 229:../Firmware/GD32F30x_standard_peripheral/Source/gd32f30x_exti.c **** FlagStatus exti_interrupt_flag_get(exti_line_enum linex)
 230:../Firmware/GD32F30x_standard_peripheral/Source/gd32f30x_exti.c **** {
 682              		.loc 1 230 1
 683              		.cfi_startproc
 684              		@ args = 0, pretend = 0, frame = 8
 685              		@ frame_needed = 1, uses_anonymous_args = 0
 686              		@ link register save eliminated.
 687 0000 80B4     		push	{r7}
 688              		.cfi_def_cfa_offset 4
 689              		.cfi_offset 7, -4
 690 0002 83B0     		sub	sp, sp, #12
 691              		.cfi_def_cfa_offset 16
 692 0004 00AF     		add	r7, sp, #0
 693              		.cfi_def_cfa_register 7
 694 0006 7860     		str	r0, [r7, #4]
 231:../Firmware/GD32F30x_standard_peripheral/Source/gd32f30x_exti.c ****     if(RESET != (EXTI_PD & (uint32_t)linex)) {
 695              		.loc 1 231 18
 696 0008 064B     		ldr	r3, .L46
 697 000a 1A68     		ldr	r2, [r3]
 698              		.loc 1 231 26
 699 000c 7B68     		ldr	r3, [r7, #4]
 700 000e 1340     		ands	r3, r3, r2
 701              		.loc 1 231 7
 702 0010 002B     		cmp	r3, #0
 703 0012 01D0     		beq	.L44
 232:../Firmware/GD32F30x_standard_peripheral/Source/gd32f30x_exti.c ****         return SET;
 704              		.loc 1 232 16
 705 0014 0123     		movs	r3, #1
 706 0016 00E0     		b	.L45
 707              	.L44:
 233:../Firmware/GD32F30x_standard_peripheral/Source/gd32f30x_exti.c ****     } else {
 234:../Firmware/GD32F30x_standard_peripheral/Source/gd32f30x_exti.c ****         return RESET;
 708              		.loc 1 234 16
 709 0018 0023     		movs	r3, #0
 710              	.L45:
 235:../Firmware/GD32F30x_standard_peripheral/Source/gd32f30x_exti.c ****     }
 236:../Firmware/GD32F30x_standard_peripheral/Source/gd32f30x_exti.c **** }
 711              		.loc 1 236 1
 712 001a 1846     		mov	r0, r3
 713 001c 0C37     		adds	r7, r7, #12
 714              		.cfi_def_cfa_offset 4
 715 001e BD46     		mov	sp, r7
 716              		.cfi_def_cfa_register 13
 717              		@ sp needed
 718 0020 80BC     		pop	{r7}
 719              		.cfi_restore 7
 720              		.cfi_def_cfa_offset 0
 721 0022 7047     		bx	lr
 722              	.L47:
 723              		.align	2
 724              	.L46:
 725 0024 14040140 		.word	1073808404
 726              		.cfi_endproc
 727              	.LFE126:
 729              		.section	.text.exti_interrupt_flag_clear,"ax",%progbits
 730              		.align	1
 731              		.global	exti_interrupt_flag_clear
 732              		.syntax unified
 733              		.thumb
 734              		.thumb_func
 735              		.fpu softvfp
 737              	exti_interrupt_flag_clear:
 738              	.LFB127:
 237:../Firmware/GD32F30x_standard_peripheral/Source/gd32f30x_exti.c **** 
 238:../Firmware/GD32F30x_standard_peripheral/Source/gd32f30x_exti.c **** /*!
 239:../Firmware/GD32F30x_standard_peripheral/Source/gd32f30x_exti.c ****     \brief      clear EXTI line x interrupt pending flag
 240:../Firmware/GD32F30x_standard_peripheral/Source/gd32f30x_exti.c ****     \param[in]  linex: EXTI line number, refer to exti_line_enum
 241:../Firmware/GD32F30x_standard_peripheral/Source/gd32f30x_exti.c ****                 only one parameter can be selected which is shown as below:
 242:../Firmware/GD32F30x_standard_peripheral/Source/gd32f30x_exti.c ****       \arg        EXTI_x (x=0..19): EXTI line x
 243:../Firmware/GD32F30x_standard_peripheral/Source/gd32f30x_exti.c ****     \param[out] none
 244:../Firmware/GD32F30x_standard_peripheral/Source/gd32f30x_exti.c ****     \retval     none
 245:../Firmware/GD32F30x_standard_peripheral/Source/gd32f30x_exti.c **** */
 246:../Firmware/GD32F30x_standard_peripheral/Source/gd32f30x_exti.c **** void exti_interrupt_flag_clear(exti_line_enum linex)
 247:../Firmware/GD32F30x_standard_peripheral/Source/gd32f30x_exti.c **** {
 739              		.loc 1 247 1
 740              		.cfi_startproc
 741              		@ args = 0, pretend = 0, frame = 8
 742              		@ frame_needed = 1, uses_anonymous_args = 0
 743              		@ link register save eliminated.
 744 0000 80B4     		push	{r7}
 745              		.cfi_def_cfa_offset 4
 746              		.cfi_offset 7, -4
 747 0002 83B0     		sub	sp, sp, #12
 748              		.cfi_def_cfa_offset 16
 749 0004 00AF     		add	r7, sp, #0
 750              		.cfi_def_cfa_register 7
 751 0006 7860     		str	r0, [r7, #4]
 248:../Firmware/GD32F30x_standard_peripheral/Source/gd32f30x_exti.c ****     EXTI_PD = (uint32_t)linex;
 752              		.loc 1 248 5
 753 0008 034A     		ldr	r2, .L49
 754              		.loc 1 248 13
 755 000a 7B68     		ldr	r3, [r7, #4]
 756 000c 1360     		str	r3, [r2]
 249:../Firmware/GD32F30x_standard_peripheral/Source/gd32f30x_exti.c **** }
 757              		.loc 1 249 1
 758 000e 00BF     		nop
 759 0010 0C37     		adds	r7, r7, #12
 760              		.cfi_def_cfa_offset 4
 761 0012 BD46     		mov	sp, r7
 762              		.cfi_def_cfa_register 13
 763              		@ sp needed
 764 0014 80BC     		pop	{r7}
 765              		.cfi_restore 7
 766              		.cfi_def_cfa_offset 0
 767 0016 7047     		bx	lr
 768              	.L50:
 769              		.align	2
 770              	.L49:
 771 0018 14040140 		.word	1073808404
 772              		.cfi_endproc
 773              	.LFE127:
 775              		.text
 776              	.Letext0:
 777              		.file 2 "c:\\gd32embeddedbuilder_1.5.3.31964\\gd32embeddedbuilder_1.5.3.31964\\tools\\gnu tools ar
 778              		.file 3 "c:\\gd32embeddedbuilder_1.5.3.31964\\gd32embeddedbuilder_1.5.3.31964\\tools\\gnu tools ar
 779              		.file 4 "../Firmware/CMSIS/core_cm4.h"
 780              		.file 5 "../Firmware/CMSIS/GD/GD32F30x/Include/system_gd32f30x.h"
 781              		.file 6 "../Firmware/CMSIS/GD/GD32F30x/Include/gd32f30x.h"
 782              		.file 7 "../Firmware/GD32F30x_standard_peripheral/Include/gd32f30x_exti.h"
DEFINED SYMBOLS
                            *ABS*:00000000 gd32f30x_exti.c
C:\Users\gaswerke\AppData\Local\Temp\ccPYka12.s:16     .text.exti_deinit:00000000 $t
C:\Users\gaswerke\AppData\Local\Temp\ccPYka12.s:24     .text.exti_deinit:00000000 exti_deinit
C:\Users\gaswerke\AppData\Local\Temp\ccPYka12.s:74     .text.exti_deinit:0000002c $d
C:\Users\gaswerke\AppData\Local\Temp\ccPYka12.s:83     .text.exti_init:00000000 $t
C:\Users\gaswerke\AppData\Local\Temp\ccPYka12.s:90     .text.exti_init:00000000 exti_init
C:\Users\gaswerke\AppData\Local\Temp\ccPYka12.s:265    .text.exti_init:000000e4 $d
C:\Users\gaswerke\AppData\Local\Temp\ccPYka12.s:273    .text.exti_interrupt_enable:00000000 $t
C:\Users\gaswerke\AppData\Local\Temp\ccPYka12.s:280    .text.exti_interrupt_enable:00000000 exti_interrupt_enable
C:\Users\gaswerke\AppData\Local\Temp\ccPYka12.s:316    .text.exti_interrupt_enable:00000020 $d
C:\Users\gaswerke\AppData\Local\Temp\ccPYka12.s:321    .text.exti_interrupt_disable:00000000 $t
C:\Users\gaswerke\AppData\Local\Temp\ccPYka12.s:328    .text.exti_interrupt_disable:00000000 exti_interrupt_disable
C:\Users\gaswerke\AppData\Local\Temp\ccPYka12.s:367    .text.exti_interrupt_disable:00000020 $d
C:\Users\gaswerke\AppData\Local\Temp\ccPYka12.s:372    .text.exti_event_enable:00000000 $t
C:\Users\gaswerke\AppData\Local\Temp\ccPYka12.s:379    .text.exti_event_enable:00000000 exti_event_enable
C:\Users\gaswerke\AppData\Local\Temp\ccPYka12.s:415    .text.exti_event_enable:00000020 $d
C:\Users\gaswerke\AppData\Local\Temp\ccPYka12.s:420    .text.exti_event_disable:00000000 $t
C:\Users\gaswerke\AppData\Local\Temp\ccPYka12.s:427    .text.exti_event_disable:00000000 exti_event_disable
C:\Users\gaswerke\AppData\Local\Temp\ccPYka12.s:466    .text.exti_event_disable:00000020 $d
C:\Users\gaswerke\AppData\Local\Temp\ccPYka12.s:471    .text.exti_software_interrupt_enable:00000000 $t
C:\Users\gaswerke\AppData\Local\Temp\ccPYka12.s:478    .text.exti_software_interrupt_enable:00000000 exti_software_interrupt_enable
C:\Users\gaswerke\AppData\Local\Temp\ccPYka12.s:514    .text.exti_software_interrupt_enable:00000020 $d
C:\Users\gaswerke\AppData\Local\Temp\ccPYka12.s:519    .text.exti_software_interrupt_disable:00000000 $t
C:\Users\gaswerke\AppData\Local\Temp\ccPYka12.s:526    .text.exti_software_interrupt_disable:00000000 exti_software_interrupt_disable
C:\Users\gaswerke\AppData\Local\Temp\ccPYka12.s:565    .text.exti_software_interrupt_disable:00000020 $d
C:\Users\gaswerke\AppData\Local\Temp\ccPYka12.s:570    .text.exti_flag_get:00000000 $t
C:\Users\gaswerke\AppData\Local\Temp\ccPYka12.s:577    .text.exti_flag_get:00000000 exti_flag_get
C:\Users\gaswerke\AppData\Local\Temp\ccPYka12.s:622    .text.exti_flag_get:00000024 $d
C:\Users\gaswerke\AppData\Local\Temp\ccPYka12.s:627    .text.exti_flag_clear:00000000 $t
C:\Users\gaswerke\AppData\Local\Temp\ccPYka12.s:634    .text.exti_flag_clear:00000000 exti_flag_clear
C:\Users\gaswerke\AppData\Local\Temp\ccPYka12.s:668    .text.exti_flag_clear:00000018 $d
C:\Users\gaswerke\AppData\Local\Temp\ccPYka12.s:673    .text.exti_interrupt_flag_get:00000000 $t
C:\Users\gaswerke\AppData\Local\Temp\ccPYka12.s:680    .text.exti_interrupt_flag_get:00000000 exti_interrupt_flag_get
C:\Users\gaswerke\AppData\Local\Temp\ccPYka12.s:725    .text.exti_interrupt_flag_get:00000024 $d
C:\Users\gaswerke\AppData\Local\Temp\ccPYka12.s:730    .text.exti_interrupt_flag_clear:00000000 $t
C:\Users\gaswerke\AppData\Local\Temp\ccPYka12.s:737    .text.exti_interrupt_flag_clear:00000000 exti_interrupt_flag_clear
C:\Users\gaswerke\AppData\Local\Temp\ccPYka12.s:771    .text.exti_interrupt_flag_clear:00000018 $d
                           .group:00000000 wm4.0.0b2cbd0a579afdcbc37120f4ceb86892
                           .group:00000000 wm4.gd32f30x.h.39.a203e36f89dbb1753b66e1e665732b11
                           .group:00000000 wm4.core_cm4.h.47.434d5634a5df7142236685d6945e71d7
                           .group:00000000 wm4._newlib_version.h.4.9ba035841e762c3308916a0ce96032e7
                           .group:00000000 wm4.features.h.33.318b64d71e0957639cfb30f1db1f7ec8
                           .group:00000000 wm4._default_types.h.15.247e5cd201eca3442cbf5404108c4935
                           .group:00000000 wm4._intsup.h.10.cce27fed8484c08a33f522034c30d2b5
                           .group:00000000 wm4._stdint.h.10.c24fa3af3bc1706662bb5593a907e841
                           .group:00000000 wm4.stdint.h.23.d53047a68f4a85177f80b422d52785ed
                           .group:00000000 wm4.core_cmInstr.h.25.d8165482ef3061013a2fc83e2d85f3d9
                           .group:00000000 wm4.core_cm4_simd.h.43.bf657009d9c246d6ac6e7b120cdd899a
                           .group:00000000 wm4.core_cm4.h.196.6f0a9ac4bbc7fecc10f22e6a71f29e52
                           .group:00000000 wm4.system_gd32f30x.h.38.120525a84dcd3d76a4734e6bcde7b49c
                           .group:00000000 wm4.gd32f30x.h.294.5e6753de52124d3e3ab34f8aafd628cc
                           .group:00000000 wm4.gd32f30x_rcu.h.41.eb7011467c51e1274d4ea5dfbe3b7403
                           .group:00000000 wm4.gd32f30x_adc.h.36.124b47377c29d63ea85a6515ff99e7d0
                           .group:00000000 wm4.gd32f30x_can.h.36.85eb2b9bdffce148e9f2cf53e35a47f8
                           .group:00000000 wm4.gd32f30x_crc.h.36.3e50e7397bf79ecca0d280169ab2b7e1
                           .group:00000000 wm4.gd32f30x_ctc.h.36.42aeab0e42f8a7b6cc58608cdc08a712
                           .group:00000000 wm4.gd32f30x_dac.h.36.f867e713911fc6770d5f38223b88a122
                           .group:00000000 wm4.gd32f30x_dbg.h.36.4d3777753862ded915f1f9e71f4c290a
                           .group:00000000 wm4.gd32f30x_dma.h.36.00aa3536820feed4ebeab0c0060e7723
                           .group:00000000 wm4.gd32f30x_fmc.h.37.17b3f65aacec1755989aca30031b6a7c
                           .group:00000000 wm4.gd32f30x_fwdgt.h.36.1e7c1bfe259ede52150f5b1c58591a95
                           .group:00000000 wm4.gd32f30x_gpio.h.36.faffc48a681d1163918cf519d3cc7454
                           .group:00000000 wm4.gd32f30x_i2c.h.36.5765e4fd7e67145781f52c3602fdf526
                           .group:00000000 wm4.gd32f30x_pmu.h.37.9dd0def5d1159a6e20d49fadc0da3d91
                           .group:00000000 wm4.gd32f30x_bkp.h.36.74dcfa31c344ae6ddc6f3a850e1b1f1c
                           .group:00000000 wm4.gd32f30x_rtc.h.37.6e2dc4b1c1143d8443b19d8b8578e187
                           .group:00000000 wm4.gd32f30x_sdio.h.36.6dde0ac1ffebc8ac87750ca48ebf5355
                           .group:00000000 wm4.gd32f30x_spi.h.36.761dbcfdf151612384a2a7e1dfbd70a2
                           .group:00000000 wm4.gd32f30x_timer.h.36.aa3a076608594e31d0be360d6248cd0c
                           .group:00000000 wm4.gd32f30x_usart.h.36.c16033d6419d9317c5e1d5c9a4db894a
                           .group:00000000 wm4.gd32f30x_wwdgt.h.37.074fc90df4806e0bcba242ad61cb154f
                           .group:00000000 wm4.gd32f30x_misc.h.36.ca5ec56efc9d42fdcdbc33fa419c4320
                           .group:00000000 wm4.gd32f30x_enet.h.36.7f39b2eaaae239e349e809a8bdf838ed
                           .group:00000000 wm4.gd32f30x_exmc.h.36.6a5eb51a45aba96edb0f318836bccfc7
                           .group:00000000 wm4.gd32f30x_exti.h.41.02e7cd0a5d1dc41d2aad07327264c69e

NO UNDEFINED SYMBOLS
